<?xml version="1.0" encoding="UTF-8"?>
<testng-results ignored="0" total="4" passed="4" failed="0" skipped="0">
  <reporter-output>
  </reporter-output>
  <suite started-at="2025-07-30T19:29:46 GST" name="Default suite" finished-at="2025-07-30T19:30:10 GST" duration-ms="24570">
    <groups>
    </groups>
    <test started-at="2025-07-30T19:29:46 GST" name="Default test" finished-at="2025-07-30T19:30:10 GST" duration-ms="24570">
      <class name="testScript.LoginTest">
        <test-method is-config="true" signature="initialiseBrowser()[pri:0, instance:testScript.LoginTest@4c583ecf]" started-at="2025-07-30T19:29:46 GST" name="initialiseBrowser" finished-at="2025-07-30T19:29:50 GST" duration-ms="3816" status="PASS">
          <reporter-output>
          </reporter-output>
        </test-method> <!-- initialiseBrowser -->
        <test-method signature="verifyLoginWithIncorrectUsernameAndIncorrectPassword()[pri:0, instance:testScript.LoginTest@4c583ecf]" started-at="2025-07-30T19:29:50 GST" name="verifyLoginWithIncorrectUsernameAndIncorrectPassword" finished-at="2025-07-30T19:29:51 GST" duration-ms="1018" status="PASS">
          <reporter-output>
          </reporter-output>
        </test-method> <!-- verifyLoginWithIncorrectUsernameAndIncorrectPassword -->
        <test-method is-config="true" signature="browserClose()[pri:0, instance:testScript.LoginTest@4c583ecf]" started-at="2025-07-30T19:29:51 GST" name="browserClose" finished-at="2025-07-30T19:29:51 GST" duration-ms="1" status="PASS">
          <reporter-output>
          </reporter-output>
        </test-method> <!-- browserClose -->
        <test-method is-config="true" signature="initialiseBrowser()[pri:0, instance:testScript.LoginTest@4c583ecf]" started-at="2025-07-30T19:29:51 GST" name="initialiseBrowser" finished-at="2025-07-30T19:29:57 GST" duration-ms="6381" status="PASS">
          <reporter-output>
          </reporter-output>
        </test-method> <!-- initialiseBrowser -->
        <test-method signature="verifyLoginWithIncorrectUsernameValidPassword()[pri:0, instance:testScript.LoginTest@4c583ecf]" started-at="2025-07-30T19:29:57 GST" name="verifyLoginWithIncorrectUsernameValidPassword" finished-at="2025-07-30T19:29:58 GST" duration-ms="626" status="PASS">
          <reporter-output>
          </reporter-output>
        </test-method> <!-- verifyLoginWithIncorrectUsernameValidPassword -->
        <test-method is-config="true" signature="browserClose()[pri:0, instance:testScript.LoginTest@4c583ecf]" started-at="2025-07-30T19:29:58 GST" name="browserClose" finished-at="2025-07-30T19:29:58 GST" duration-ms="0" status="PASS">
          <reporter-output>
          </reporter-output>
        </test-method> <!-- browserClose -->
        <test-method is-config="true" signature="initialiseBrowser()[pri:0, instance:testScript.LoginTest@4c583ecf]" started-at="2025-07-30T19:29:58 GST" name="initialiseBrowser" finished-at="2025-07-30T19:30:00 GST" duration-ms="2449" status="PASS">
          <reporter-output>
          </reporter-output>
        </test-method> <!-- initialiseBrowser -->
        <test-method signature="verifyLoginWithValidUsernameInvalidPassword()[pri:0, instance:testScript.LoginTest@4c583ecf]" started-at="2025-07-30T19:30:00 GST" name="verifyLoginWithValidUsernameInvalidPassword" finished-at="2025-07-30T19:30:01 GST" duration-ms="868" status="PASS">
          <reporter-output>
          </reporter-output>
        </test-method> <!-- verifyLoginWithValidUsernameInvalidPassword -->
        <test-method is-config="true" signature="browserClose()[pri:0, instance:testScript.LoginTest@4c583ecf]" started-at="2025-07-30T19:30:01 GST" name="browserClose" finished-at="2025-07-30T19:30:01 GST" duration-ms="0" status="PASS">
          <reporter-output>
          </reporter-output>
        </test-method> <!-- browserClose -->
        <test-method is-config="true" signature="initialiseBrowser()[pri:0, instance:testScript.LoginTest@4c583ecf]" started-at="2025-07-30T19:30:01 GST" name="initialiseBrowser" finished-at="2025-07-30T19:30:06 GST" duration-ms="5054" status="PASS">
          <reporter-output>
          </reporter-output>
        </test-method> <!-- initialiseBrowser -->
        <test-method signature="verifyUserLoginWithValidCredentials()[pri:0, instance:testScript.LoginTest@4c583ecf]" started-at="2025-07-30T19:30:06 GST" name="verifyUserLoginWithValidCredentials" finished-at="2025-07-30T19:30:10 GST" duration-ms="4288" status="PASS">
          <reporter-output>
          </reporter-output>
        </test-method> <!-- verifyUserLoginWithValidCredentials -->
        <test-method is-config="true" signature="browserClose()[pri:0, instance:testScript.LoginTest@4c583ecf]" started-at="2025-07-30T19:30:10 GST" name="browserClose" finished-at="2025-07-30T19:30:10 GST" duration-ms="0" status="PASS">
          <reporter-output>
          </reporter-output>
        </test-method> <!-- browserClose -->
      </class> <!-- testScript.LoginTest -->
    </test> <!-- Default test -->
  </suite> <!-- Default suite -->
</testng-results>
