<?xml version="1.0" encoding="UTF-8"?>
<testng-results ignored="0" total="4" passed="4" failed="0" skipped="0">
  <reporter-output>
  </reporter-output>
  <suite started-at="2025-07-28T12:50:11 GST" name="Default suite" finished-at="2025-07-28T12:50:22 GST" duration-ms="11022">
    <groups>
    </groups>
    <test started-at="2025-07-28T12:50:11 GST" name="Default test" finished-at="2025-07-28T12:50:22 GST" duration-ms="11022">
      <class name="testScript.LoginTest">
        <test-method is-config="true" signature="initialiseBrowser()[pri:0, instance:testScript.LoginTest@35d019a3]" started-at="2025-07-28T12:50:12 GST" name="initialiseBrowser" finished-at="2025-07-28T12:50:14 GST" duration-ms="2353" status="PASS">
          <reporter-output>
          </reporter-output>
        </test-method> <!-- initialiseBrowser -->
        <test-method is-config="true" signature="beforeMethod()[pri:0, instance:testScript.LoginTest@35d019a3]" started-at="2025-07-28T12:50:14 GST" name="beforeMethod" finished-at="2025-07-28T12:50:14 GST" duration-ms="84" status="PASS">
          <reporter-output>
          </reporter-output>
        </test-method> <!-- beforeMethod -->
        <test-method signature="verifyLoginWithIncorrectUsernameAndIncorrectPassword()[pri:0, instance:testScript.LoginTest@35d019a3]" started-at="2025-07-28T12:50:14 GST" name="verifyLoginWithIncorrectUsernameAndIncorrectPassword" finished-at="2025-07-28T12:50:14 GST" duration-ms="302" status="PASS">
          <reporter-output>
          </reporter-output>
        </test-method> <!-- verifyLoginWithIncorrectUsernameAndIncorrectPassword -->
        <test-method is-config="true" signature="afterMethod()[pri:0, instance:testScript.LoginTest@35d019a3]" started-at="2025-07-28T12:50:14 GST" name="afterMethod" finished-at="2025-07-28T12:50:14 GST" duration-ms="201" status="PASS">
          <reporter-output>
          </reporter-output>
        </test-method> <!-- afterMethod -->
        <test-method is-config="true" signature="browserClose()[pri:0, instance:testScript.LoginTest@35d019a3]" started-at="2025-07-28T12:50:14 GST" name="browserClose" finished-at="2025-07-28T12:50:14 GST" duration-ms="1" status="PASS">
          <reporter-output>
          </reporter-output>
        </test-method> <!-- browserClose -->
        <test-method is-config="true" signature="initialiseBrowser()[pri:0, instance:testScript.LoginTest@35d019a3]" started-at="2025-07-28T12:50:14 GST" name="initialiseBrowser" finished-at="2025-07-28T12:50:16 GST" duration-ms="1795" status="PASS">
          <reporter-output>
          </reporter-output>
        </test-method> <!-- initialiseBrowser -->
        <test-method is-config="true" signature="beforeMethod()[pri:0, instance:testScript.LoginTest@35d019a3]" started-at="2025-07-28T12:50:16 GST" name="beforeMethod" finished-at="2025-07-28T12:50:16 GST" duration-ms="113" status="PASS">
          <reporter-output>
          </reporter-output>
        </test-method> <!-- beforeMethod -->
        <test-method signature="verifyLoginWithIncorrectUsernameValidPassword()[pri:0, instance:testScript.LoginTest@35d019a3]" started-at="2025-07-28T12:50:16 GST" name="verifyLoginWithIncorrectUsernameValidPassword" finished-at="2025-07-28T12:50:17 GST" duration-ms="384" status="PASS">
          <reporter-output>
          </reporter-output>
        </test-method> <!-- verifyLoginWithIncorrectUsernameValidPassword -->
        <test-method is-config="true" signature="afterMethod()[pri:0, instance:testScript.LoginTest@35d019a3]" started-at="2025-07-28T12:50:17 GST" name="afterMethod" finished-at="2025-07-28T12:50:17 GST" duration-ms="212" status="PASS">
          <reporter-output>
          </reporter-output>
        </test-method> <!-- afterMethod -->
        <test-method is-config="true" signature="browserClose()[pri:0, instance:testScript.LoginTest@35d019a3]" started-at="2025-07-28T12:50:17 GST" name="browserClose" finished-at="2025-07-28T12:50:17 GST" duration-ms="1" status="PASS">
          <reporter-output>
          </reporter-output>
        </test-method> <!-- browserClose -->
        <test-method is-config="true" signature="initialiseBrowser()[pri:0, instance:testScript.LoginTest@35d019a3]" started-at="2025-07-28T12:50:17 GST" name="initialiseBrowser" finished-at="2025-07-28T12:50:19 GST" duration-ms="1895" status="PASS">
          <reporter-output>
          </reporter-output>
        </test-method> <!-- initialiseBrowser -->
        <test-method is-config="true" signature="beforeMethod()[pri:0, instance:testScript.LoginTest@35d019a3]" started-at="2025-07-28T12:50:19 GST" name="beforeMethod" finished-at="2025-07-28T12:50:19 GST" duration-ms="105" status="PASS">
          <reporter-output>
          </reporter-output>
        </test-method> <!-- beforeMethod -->
        <test-method signature="verifyLoginWithValidUsernameInvalidPassword()[pri:0, instance:testScript.LoginTest@35d019a3]" started-at="2025-07-28T12:50:19 GST" name="verifyLoginWithValidUsernameInvalidPassword" finished-at="2025-07-28T12:50:19 GST" duration-ms="293" status="PASS">
          <reporter-output>
          </reporter-output>
        </test-method> <!-- verifyLoginWithValidUsernameInvalidPassword -->
        <test-method is-config="true" signature="afterMethod()[pri:0, instance:testScript.LoginTest@35d019a3]" started-at="2025-07-28T12:50:19 GST" name="afterMethod" finished-at="2025-07-28T12:50:20 GST" duration-ms="246" status="PASS">
          <reporter-output>
          </reporter-output>
        </test-method> <!-- afterMethod -->
        <test-method is-config="true" signature="browserClose()[pri:0, instance:testScript.LoginTest@35d019a3]" started-at="2025-07-28T12:50:20 GST" name="browserClose" finished-at="2025-07-28T12:50:20 GST" duration-ms="1" status="PASS">
          <reporter-output>
          </reporter-output>
        </test-method> <!-- browserClose -->
        <test-method is-config="true" signature="initialiseBrowser()[pri:0, instance:testScript.LoginTest@35d019a3]" started-at="2025-07-28T12:50:20 GST" name="initialiseBrowser" finished-at="2025-07-28T12:50:21 GST" duration-ms="1686" status="PASS">
          <reporter-output>
          </reporter-output>
        </test-method> <!-- initialiseBrowser -->
        <test-method is-config="true" signature="beforeMethod()[pri:0, instance:testScript.LoginTest@35d019a3]" started-at="2025-07-28T12:50:21 GST" name="beforeMethod" finished-at="2025-07-28T12:50:21 GST" duration-ms="89" status="PASS">
          <reporter-output>
          </reporter-output>
        </test-method> <!-- beforeMethod -->
        <test-method signature="verifyUserLoginWithValidCredentials()[pri:0, instance:testScript.LoginTest@35d019a3]" started-at="2025-07-28T12:50:21 GST" name="verifyUserLoginWithValidCredentials" finished-at="2025-07-28T12:50:22 GST" duration-ms="1064" status="PASS">
          <reporter-output>
          </reporter-output>
        </test-method> <!-- verifyUserLoginWithValidCredentials -->
        <test-method is-config="true" signature="afterMethod()[pri:0, instance:testScript.LoginTest@35d019a3]" started-at="2025-07-28T12:50:22 GST" name="afterMethod" finished-at="2025-07-28T12:50:22 GST" duration-ms="137" status="PASS">
          <reporter-output>
          </reporter-output>
        </test-method> <!-- afterMethod -->
        <test-method is-config="true" signature="browserClose()[pri:0, instance:testScript.LoginTest@35d019a3]" started-at="2025-07-28T12:50:22 GST" name="browserClose" finished-at="2025-07-28T12:50:22 GST" duration-ms="0" status="PASS">
          <reporter-output>
          </reporter-output>
        </test-method> <!-- browserClose -->
      </class> <!-- testScript.LoginTest -->
    </test> <!-- Default test -->
  </suite> <!-- Default suite -->
</testng-results>
