<?xml version="1.0" encoding="UTF-8"?>
<!-- Generated by org.testng.reporters.JUnitXMLReporter -->
<testsuite ignored="0" hostname="PRIJOSH" failures="0" tests="4" name="Default test" time="24.57" errors="0" timestamp="2025-07-30T19:30:10 GST">
  <testcase classname="testScript.LoginTest" name="verifyLoginWithIncorrectUsernameAndIncorrectPassword" time="1.018"/>
  <testcase classname="testScript.LoginTest" name="verifyLoginWithIncorrectUsernameValidPassword" time="0.626"/>
  <testcase classname="testScript.LoginTest" name="verifyLoginWithValidUsernameInvalidPassword" time="0.868"/>
  <testcase classname="testScript.LoginTest" name="verifyUserLoginWithValidCredentials" time="4.288"/>
</testsuite> <!-- Default test -->
