<?xml version="1.0" encoding="UTF-8"?>
<!-- Generated by org.testng.reporters.JUnitXMLReporter -->
<testsuite ignored="0" hostname="PRIJOSH" failures="0" tests="4" name="Default test" time="11.022" errors="0" timestamp="2025-07-28T12:50:23 GST">
  <testcase classname="testScript.LoginTest" name="verifyLoginWithIncorrectUsernameAndIncorrectPassword" time="0.302"/>
  <testcase classname="testScript.LoginTest" name="verifyLoginWithIncorrectUsernameValidPassword" time="0.384"/>
  <testcase classname="testScript.LoginTest" name="verifyLoginWithValidUsernameInvalidPassword" time="0.293"/>
  <testcase classname="testScript.LoginTest" name="verifyUserLoginWithValidCredentials" time="1.064"/>
</testsuite> <!-- Default test -->
